<?xml version="1.0" encoding="UTF-8"?>
<testsuite name="com.project.backend.BackendApplicationTests" tests="1" skipped="0" failures="0" errors="0" timestamp="2024-04-25T00:34:17" hostname="DESKTOP-F632K0P" time="0.547">
  <properties/>
  <testcase name="contextLoads()" classname="com.project.backend.BackendApplicationTests" time="0.547"/>
  <system-out><![CDATA[09:34:09.587 [Test worker] DEBUG org.springframework.test.context.BootstrapUtils - Instantiating CacheAwareContextLoaderDelegate from class [org.springframework.test.context.cache.DefaultCacheAwareContextLoaderDelegate]
09:34:09.601 [Test worker] DEBUG org.springframework.test.context.BootstrapUtils - Instantiating BootstrapContext using constructor [public org.springframework.test.context.support.DefaultBootstrapContext(java.lang.Class,org.springframework.test.context.CacheAwareContextLoaderDelegate)]
09:34:09.643 [Test worker] DEBUG org.springframework.test.context.BootstrapUtils - Instantiating TestContextBootstrapper for test class [com.project.backend.BackendApplicationTests] from class [org.springframework.boot.test.context.SpringBootTestContextBootstrapper]
09:34:09.656 [Test worker] INFO org.springframework.boot.test.context.SpringBootTestContextBootstrapper - Neither @ContextConfiguration nor @ContextHierarchy found for test class [com.project.backend.BackendApplicationTests], using SpringBootContextLoader
09:34:09.661 [Test worker] DEBUG org.springframework.test.context.support.AbstractContextLoader - Did not detect default resource location for test class [com.project.backend.BackendApplicationTests]: class path resource [com/project/backend/BackendApplicationTests-context.xml] does not exist
09:34:09.662 [Test worker] DEBUG org.springframework.test.context.support.AbstractContextLoader - Did not detect default resource location for test class [com.project.backend.BackendApplicationTests]: class path resource [com/project/backend/BackendApplicationTestsContext.groovy] does not exist
09:34:09.662 [Test worker] INFO org.springframework.test.context.support.AbstractContextLoader - Could not detect default resource locations for test class [com.project.backend.BackendApplicationTests]: no resource found for suffixes {-context.xml, Context.groovy}.
09:34:09.663 [Test worker] INFO org.springframework.test.context.support.AnnotationConfigContextLoaderUtils - Could not detect default configuration classes for test class [com.project.backend.BackendApplicationTests]: BackendApplicationTests does not declare any static, non-private, non-final, nested classes annotated with @Configuration.
09:34:09.718 [Test worker] DEBUG org.springframework.test.context.support.ActiveProfilesUtils - Could not find an 'annotation declaring class' for annotation type [org.springframework.test.context.ActiveProfiles] and class [com.project.backend.BackendApplicationTests]
09:34:09.789 [Test worker] DEBUG org.springframework.context.annotation.ClassPathScanningCandidateComponentProvider - Identified candidate component class: file [C:\Users\TECH3-12\Desktop\Donkey_final\Board\backend\build\classes\java\main\com\project\backend\BackendApplication.class]
09:34:09.790 [Test worker] INFO org.springframework.boot.test.context.SpringBootTestContextBootstrapper - Found @SpringBootConfiguration com.project.backend.BackendApplication for test class com.project.backend.BackendApplicationTests
09:34:09.945 [Test worker] DEBUG org.springframework.boot.test.context.SpringBootTestContextBootstrapper - @TestExecutionListeners is not present for class [com.project.backend.BackendApplicationTests]: using defaults.
09:34:09.946 [Test worker] INFO org.springframework.boot.test.context.SpringBootTestContextBootstrapper - Loaded default TestExecutionListener class names from location [META-INF/spring.factories]: [org.springframework.boot.test.autoconfigure.restdocs.RestDocsTestExecutionListener, org.springframework.boot.test.autoconfigure.web.client.MockRestServiceServerResetTestExecutionListener, org.springframework.boot.test.autoconfigure.web.servlet.MockMvcPrintOnlyOnFailureTestExecutionListener, org.springframework.boot.test.autoconfigure.web.servlet.WebDriverTestExecutionListener, org.springframework.boot.test.autoconfigure.webservices.client.MockWebServiceServerTestExecutionListener, org.springframework.boot.test.mock.mockito.MockitoTestExecutionListener, org.springframework.boot.test.mock.mockito.ResetMocksTestExecutionListener, org.springframework.test.context.web.ServletTestExecutionListener, org.springframework.test.context.support.DirtiesContextBeforeModesTestExecutionListener, org.springframework.test.context.event.ApplicationEventsTestExecutionListener, org.springframework.test.context.support.DependencyInjectionTestExecutionListener, org.springframework.test.context.support.DirtiesContextTestExecutionListener, org.springframework.test.context.transaction.TransactionalTestExecutionListener, org.springframework.test.context.jdbc.SqlScriptsTestExecutionListener, org.springframework.test.context.event.EventPublishingTestExecutionListener]
09:34:09.966 [Test worker] INFO org.springframework.boot.test.context.SpringBootTestContextBootstrapper - Using TestExecutionListeners: [org.springframework.test.context.web.ServletTestExecutionListener@69f63d95, org.springframework.test.context.support.DirtiesContextBeforeModesTestExecutionListener@9cd25ff, org.springframework.test.context.event.ApplicationEventsTestExecutionListener@27e0f2f5, org.springframework.boot.test.mock.mockito.MockitoTestExecutionListener@3574e198, org.springframework.boot.test.autoconfigure.SpringBootDependencyInjectionTestExecutionListener@6db66836, org.springframework.test.context.support.DirtiesContextTestExecutionListener@db44aa2, org.springframework.test.context.transaction.TransactionalTestExecutionListener@2de366bb, org.springframework.test.context.jdbc.SqlScriptsTestExecutionListener@3f093abe, org.springframework.test.context.event.EventPublishingTestExecutionListener@61a002b1, org.springframework.boot.test.autoconfigure.restdocs.RestDocsTestExecutionListener@4eeea57d, org.springframework.boot.test.autoconfigure.web.client.MockRestServiceServerResetTestExecutionListener@780ec4a5, org.springframework.boot.test.autoconfigure.web.servlet.MockMvcPrintOnlyOnFailureTestExecutionListener@e24ddd0, org.springframework.boot.test.autoconfigure.web.servlet.WebDriverTestExecutionListener@6f70f32f, org.springframework.boot.test.autoconfigure.webservices.client.MockWebServiceServerTestExecutionListener@548e76f1, org.springframework.boot.test.mock.mockito.ResetMocksTestExecutionListener@5aabbb29]
09:34:09.970 [Test worker] DEBUG org.springframework.test.context.support.AbstractDirtiesContextTestExecutionListener - Before test class: context [DefaultTestContext@7927bd9f testClass = BackendApplicationTests, testInstance = [null], testMethod = [null], testException = [null], mergedContextConfiguration = [WebMergedContextConfiguration@532721fd testClass = BackendApplicationTests, locations = '{}', classes = '{class com.project.backend.BackendApplication}', contextInitializerClasses = '[]', activeProfiles = '{}', propertySourceLocations = '{}', propertySourceProperties = '{org.springframework.boot.test.context.SpringBootTestContextBootstrapper=true}', contextCustomizers = set[org.springframework.boot.test.autoconfigure.actuate.metrics.MetricsExportContextCustomizerFactory$DisableMetricExportContextCustomizer@576f63f6, org.springframework.boot.test.autoconfigure.properties.PropertyMappingContextCustomizer@0, org.springframework.boot.test.autoconfigure.web.servlet.WebDriverContextCustomizerFactory$Customizer@4535b6d5, org.springframework.boot.test.context.filter.ExcludeFilterContextCustomizer@22ffa91a, org.springframework.boot.test.json.DuplicateJsonObjectContextCustomizerFactory$DuplicateJsonObjectContextCustomizer@5b619d14, org.springframework.boot.test.mock.mockito.MockitoContextCustomizer@0, org.springframework.boot.test.web.client.TestRestTemplateContextCustomizer@31d0e481, org.springframework.boot.test.context.SpringBootTestArgs@1, org.springframework.boot.test.context.SpringBootTestWebEnvironment@4d5650ae], resourceBasePath = 'src/main/webapp', contextLoader = 'org.springframework.boot.test.context.SpringBootContextLoader', parent = [null]], attributes = map['org.springframework.test.context.web.ServletTestExecutionListener.activateListener' -> true]], class annotated with @DirtiesContext [false] with mode [null].

  .   ____          _            __ _ _
 /\\ / ___'_ __ _ _(_)_ __  __ _ \ \ \ \
( ( )\___ | '_ | '_| | '_ \/ _` | \ \ \ \
 \\/  ___)| |_)| | | | | || (_| |  ) ) ) )
  '  |____| .__|_| |_|_| |_\__, | / / / /
 =========|_|==============|___/=/_/_/_/
 :: Spring Boot ::               (v2.7.10)

INFO  24-04-25 09:34:10[Test worker] [BackendApplicationTests:55] - Starting BackendApplicationTests using Java 17.0.10 on DESKTOP-F632K0P with PID 10336 (started by TECH3-12 in C:\Users\TECH3-12\Desktop\Donkey_final\Board\backend)
INFO  24-04-25 09:34:10[Test worker] [BackendApplicationTests:631] - No active profile set, falling back to 1 default profile: "default"
INFO  24-04-25 09:34:11[Test worker] [RepositoryConfigurationDelegate:262] - Multiple Spring Data modules found, entering strict repository configuration mode
INFO  24-04-25 09:34:11[Test worker] [RepositoryConfigurationDelegate:132] - Bootstrapping Spring Data JDBC repositories in DEFAULT mode.
INFO  24-04-25 09:34:11[Test worker] [RepositoryConfigurationDelegate:201] - Finished Spring Data repository scanning in 8 ms. Found 0 JDBC repository interfaces.
INFO  24-04-25 09:34:11[Test worker] [RepositoryConfigurationDelegate:262] - Multiple Spring Data modules found, entering strict repository configuration mode
INFO  24-04-25 09:34:11[Test worker] [RepositoryConfigurationDelegate:132] - Bootstrapping Spring Data Redis repositories in DEFAULT mode.
INFO  24-04-25 09:34:11[Test worker] [RepositoryConfigurationDelegate:201] - Finished Spring Data repository scanning in 3 ms. Found 0 Redis repository interfaces.
DEBUG 24-04-25 09:34:11[Test worker] [LogFactory:109] - Logging initialized using 'class org.apache.ibatis.logging.slf4j.Slf4jImpl' adapter.
INFO  24-04-25 09:34:12[Test worker] [EnableEncryptablePropertiesBeanFactoryPostProcessor:40] - Post-processing PropertySource instances
INFO  24-04-25 09:34:12[Test worker] [EncryptablePropertySourceConverter:76] - Skipping PropertySource configurationProperties [class org.springframework.boot.context.properties.source.ConfigurationPropertySourcesPropertySource
INFO  24-04-25 09:34:12[Test worker] [EncryptablePropertySourceConverter:81] - Converting PropertySource test [org.springframework.core.env.MapPropertySource] to EncryptableMapPropertySourceWrapper
INFO  24-04-25 09:34:12[Test worker] [EncryptablePropertySourceConverter:81] - Converting PropertySource Inlined Test Properties [org.springframework.core.env.MapPropertySource] to EncryptableMapPropertySourceWrapper
INFO  24-04-25 09:34:12[Test worker] [EncryptablePropertySourceConverter:76] - Skipping PropertySource servletConfigInitParams [class org.springframework.core.env.PropertySource$StubPropertySource
INFO  24-04-25 09:34:12[Test worker] [EncryptablePropertySourceConverter:81] - Converting PropertySource servletContextInitParams [org.springframework.web.context.support.ServletContextPropertySource] to EncryptableEnumerablePropertySourceWrapper
INFO  24-04-25 09:34:12[Test worker] [EncryptablePropertySourceConverter:81] - Converting PropertySource systemProperties [org.springframework.core.env.PropertiesPropertySource] to EncryptableMapPropertySourceWrapper
INFO  24-04-25 09:34:12[Test worker] [EncryptablePropertySourceConverter:81] - Converting PropertySource systemEnvironment [org.springframework.boot.env.SystemEnvironmentPropertySourceEnvironmentPostProcessor$OriginAwareSystemEnvironmentPropertySource] to EncryptableSystemEnvironmentPropertySourceWrapper
INFO  24-04-25 09:34:12[Test worker] [EncryptablePropertySourceConverter:81] - Converting PropertySource random [org.springframework.boot.env.RandomValuePropertySource] to EncryptablePropertySourceWrapper
INFO  24-04-25 09:34:12[Test worker] [EncryptablePropertySourceConverter:81] - Converting PropertySource Config resource 'class path resource [application.properties]' via location 'optional:classpath:/' [org.springframework.boot.env.OriginTrackedMapPropertySource] to EncryptableMapPropertySourceWrapper
INFO  24-04-25 09:34:12[Test worker] [PostProcessorRegistrationDelegate$BeanPostProcessorChecker:376] - Bean 'org.springframework.ws.config.annotation.DelegatingWsConfiguration' of type [org.springframework.ws.config.annotation.DelegatingWsConfiguration$$EnhancerBySpringCGLIB$$b276067] is not eligible for getting processed by all BeanPostProcessors (for example: not eligible for auto-proxying)
INFO  24-04-25 09:34:12[Test worker] [AnnotationActionEndpointMapping:239] - Supporting [WS-Addressing August 2004, WS-Addressing 1.0]
INFO  24-04-25 09:34:12[Test worker] [DefaultLazyPropertyFilter:31] - Property Filter custom Bean not found with name 'encryptablePropertyFilter'. Initializing Default Property Filter
INFO  24-04-25 09:34:12[Test worker] [DefaultLazyPropertyResolver:35] - Property Resolver custom Bean not found with name 'encryptablePropertyResolver'. Initializing Default Property Resolver
INFO  24-04-25 09:34:12[Test worker] [DefaultLazyPropertyDetector:35] - Property Detector custom Bean not found with name 'encryptablePropertyDetector'. Initializing Default Property Detector
INFO  24-04-25 09:34:12[Test worker] [DefaultLazyEncryptor:32] - Found Custom Encryptor Bean org.jasypt.encryption.pbe.PooledPBEStringEncryptor@6eeb29c0 with name: jasyptStringEncryptor
INFO  24-04-25 09:34:16[Test worker] [WelcomePageHandlerMapping:53] - Adding welcome page: class path resource [static/index.html]
INFO  24-04-25 09:34:16[Test worker] [HikariDataSource:110] - HikariPool-1 - Starting...
INFO  24-04-25 09:34:16[Test worker] [HikariDataSource:123] - HikariPool-1 - Start completed.
INFO  24-04-25 09:34:17[Test worker] [ScheduledAnnotationBeanPostProcessor:315] - No TaskScheduler/ScheduledExecutorService bean found for scheduled processing
INFO  24-04-25 09:34:17[Test worker] [BackendApplicationTests:61] - Started BackendApplicationTests in 7.665 seconds (JVM running for 9.159)
]]></system-out>
  <system-err><![CDATA[]]></system-err>
</testsuite>
